c:\users\2nafish117\documents\dev\cpp\openglrenderer\openglrenderer\debug\vc141.pdb
c:\users\2nafish117\documents\dev\cpp\openglrenderer\openglrenderer\debug\vc141.idb
c:\users\2nafish117\documents\dev\cpp\openglrenderer\openglrenderer\debug\main.obj
c:\users\2nafish117\documents\dev\cpp\openglrenderer\openglrenderer\debug\vertexbuffer.obj
c:\users\2nafish117\documents\dev\cpp\openglrenderer\openglrenderer\debug\vertexarray.obj
c:\users\2nafish117\documents\dev\cpp\openglrenderer\openglrenderer\debug\stb_image.obj
c:\users\2nafish117\documents\dev\cpp\openglrenderer\openglrenderer\debug\imgui_widgets.obj
c:\users\2nafish117\documents\dev\cpp\openglrenderer\openglrenderer\debug\imgui_impl_opengl3.obj
c:\users\2nafish117\documents\dev\cpp\openglrenderer\openglrenderer\debug\imgui_impl_glfw.obj
c:\users\2nafish117\documents\dev\cpp\openglrenderer\openglrenderer\debug\imgui_draw.obj
c:\users\2nafish117\documents\dev\cpp\openglrenderer\openglrenderer\debug\imgui_demo.obj
c:\users\2nafish117\documents\dev\cpp\openglrenderer\openglrenderer\debug\imgui.obj
c:\users\2nafish117\documents\dev\cpp\openglrenderer\openglrenderer\debug\glm.obj
c:\users\2nafish117\documents\dev\cpp\openglrenderer\openglrenderer\debug\util.obj
c:\users\2nafish117\documents\dev\cpp\openglrenderer\openglrenderer\debug\texture.obj
c:\users\2nafish117\documents\dev\cpp\openglrenderer\openglrenderer\debug\shaderprogram.obj
c:\users\2nafish117\documents\dev\cpp\openglrenderer\openglrenderer\debug\renderer.obj
c:\users\2nafish117\documents\dev\cpp\openglrenderer\openglrenderer\debug\indexbuffer.obj
c:\users\2nafish117\documents\dev\cpp\openglrenderer\openglrenderer\debug\glerror.obj
c:\users\2nafish117\documents\dev\cpp\openglrenderer\openglrenderer\debug\mesh.obj
c:\users\2nafish117\documents\dev\cpp\openglrenderer\openglrenderer\debug\material.obj
c:\users\2nafish117\documents\dev\cpp\openglrenderer\openglrenderer\debug\camera.obj
c:\users\2nafish117\documents\dev\cpp\openglrenderer\debug\openglrenderer.exe
c:\users\2nafish117\documents\dev\cpp\openglrenderer\debug\openglrenderer.ilk
c:\users\2nafish117\documents\dev\cpp\openglrenderer\debug\openglrenderer.pdb
c:\users\2nafish117\documents\dev\cpp\openglrenderer\openglrenderer\debug\mesh.obj.enc
c:\users\2nafish117\documents\dev\cpp\openglrenderer\openglrenderer\debug\openglrenderer.tlog\cl.command.1.tlog
c:\users\2nafish117\documents\dev\cpp\openglrenderer\openglrenderer\debug\openglrenderer.tlog\cl.read.1.tlog
c:\users\2nafish117\documents\dev\cpp\openglrenderer\openglrenderer\debug\openglrenderer.tlog\cl.write.1.tlog
c:\users\2nafish117\documents\dev\cpp\openglrenderer\openglrenderer\debug\openglrenderer.tlog\link.command.1.tlog
c:\users\2nafish117\documents\dev\cpp\openglrenderer\openglrenderer\debug\openglrenderer.tlog\link.read.1.tlog
c:\users\2nafish117\documents\dev\cpp\openglrenderer\openglrenderer\debug\openglrenderer.tlog\link.write.1.tlog
