  Camera.cpp
c:\users\2nafish117\documents\dev\cpp\openglrenderer\openglrenderer\src\camera.h(26): warning C4305: 'initializing': truncation from 'double' to 'float'
c:\users\2nafish117\documents\dev\cpp\openglrenderer\openglrenderer\src\camera.h(31): warning C4305: 'initializing': truncation from 'double' to 'float'
c:\users\2nafish117\documents\dev\cpp\openglrenderer\openglrenderer\src\camera.h(33): warning C4305: 'initializing': truncation from 'double' to 'float'
c:\users\2nafish117\documents\dev\cpp\openglrenderer\openglrenderer\src\camera.cpp(53): warning C4244: '=': conversion from 'double' to 'float', possible loss of data
c:\users\2nafish117\documents\dev\cpp\openglrenderer\openglrenderer\src\camera.cpp(69): warning C4244: '-=': conversion from 'double' to 'float', possible loss of data
c:\users\2nafish117\documents\dev\cpp\openglrenderer\openglrenderer\src\camera.cpp(71): warning C4244: '=': conversion from 'double' to 'float', possible loss of data
  Material.cpp
  Mesh.cpp
  GlError.cpp
  IndexBuffer.cpp
  Renderer.cpp
  ShaderProgram.cpp
  Texture.cpp
  Util.cpp
  glm.cpp
  imgui.cpp
  imgui_demo.cpp
  imgui_draw.cpp
  imgui_impl_glfw.cpp
  imgui_impl_opengl3.cpp
  imgui_widgets.cpp
  stb_image.cpp
  VertexArray.cpp
  VertexBuffer.cpp
  main.cpp
c:\users\2nafish117\documents\dev\cpp\openglrenderer\openglrenderer\src\camera.h(26): warning C4305: 'initializing': truncation from 'double' to 'float'
c:\users\2nafish117\documents\dev\cpp\openglrenderer\openglrenderer\src\camera.h(31): warning C4305: 'initializing': truncation from 'double' to 'float'
c:\users\2nafish117\documents\dev\cpp\openglrenderer\openglrenderer\src\camera.h(33): warning C4305: 'initializing': truncation from 'double' to 'float'
c:\users\2nafish117\documents\dev\cpp\openglrenderer\openglrenderer\src\main.cpp(182): warning C4305: 'argument': truncation from 'double' to 'float'
c:\users\2nafish117\documents\dev\cpp\openglrenderer\openglrenderer\src\main.cpp(322): warning C4018: '<': signed/unsigned mismatch
c:\users\2nafish117\documents\dev\cpp\openglrenderer\openglrenderer\src\main.cpp(479): warning C4244: '=': conversion from 'double' to 'float', possible loss of data
LINK : warning LNK4098: defaultlib 'LIBCMT' conflicts with use of other libs; use /NODEFAULTLIB:library
  Generating code
  865 of 2063 functions (41.9%) were compiled, the rest were copied from previous compilation.
    81 functions were new in current compilation
    112 functions had inline decision re-evaluated but remain unchanged
  Finished generating code
glew32s.lib(glew.obj) : warning LNK4099: PDB 'vc120.pdb' was not found with 'glew32s.lib(glew.obj)' or at 'C:\Users\2nafish117\Documents\Dev\cpp\OpenGlRenderer\Release\vc120.pdb'; linking object as if no debug info
  OpenGlRenderer.vcxproj -> C:\Users\2nafish117\Documents\Dev\cpp\OpenGlRenderer\Release\OpenGlRenderer.exe
